{"level":"error","message":"A problem occured","metadata":{"service":"logging-tutorial","stack":"Error: A problem occured\n    at /home/george/blog/logging-tutorial/index.js:50:22\n    at Layer.handle [as handle_request] (/home/george/blog/logging-tutorial/node_modules/express/lib/router/layer.js:95:5)\n    at next (/home/george/blog/logging-tutorial/node_modules/express/lib/router/route.js:137:13)\n    at Route.dispatch (/home/george/blog/logging-tutorial/node_modules/express/lib/router/route.js:112:3)\n    at Layer.handle [as handle_request] (/home/george/blog/logging-tutorial/node_modules/express/lib/router/layer.js:95:5)\n    at /home/george/blog/logging-tutorial/node_modules/express/lib/router/index.js:281:22\n    at Function.process_params (/home/george/blog/logging-tutorial/node_modules/express/lib/router/index.js:335:12)\n    at next (/home/george/blog/logging-tutorial/node_modules/express/lib/router/index.js:275:10)\n    at expressInit (/home/george/blog/logging-tutorial/node_modules/express/lib/middleware/init.js:40:5)\n    at Layer.handle [as handle_request] (/home/george/blog/logging-tutorial/node_modules/express/lib/router/layer.js:95:5)"}}
{"level":"error","message":"A problem occured","metadata":{"service":"logging-tutorial","stack":"Error: A problem occured\n    at /home/george/blog/logging-tutorial/index.js:50:22\n    at Layer.handle [as handle_request] (/home/george/blog/logging-tutorial/node_modules/express/lib/router/layer.js:95:5)\n    at next (/home/george/blog/logging-tutorial/node_modules/express/lib/router/route.js:137:13)\n    at Route.dispatch (/home/george/blog/logging-tutorial/node_modules/express/lib/router/route.js:112:3)\n    at Layer.handle [as handle_request] (/home/george/blog/logging-tutorial/node_modules/express/lib/router/layer.js:95:5)\n    at /home/george/blog/logging-tutorial/node_modules/express/lib/router/index.js:281:22\n    at Function.process_params (/home/george/blog/logging-tutorial/node_modules/express/lib/router/index.js:335:12)\n    at next (/home/george/blog/logging-tutorial/node_modules/express/lib/router/index.js:275:10)\n    at expressInit (/home/george/blog/logging-tutorial/node_modules/express/lib/middleware/init.js:40:5)\n    at Layer.handle [as handle_request] (/home/george/blog/logging-tutorial/node_modules/express/lib/router/layer.js:95:5)"}}
{"level":"error","message":"A problem occured","metadata":{"service":"logging-tutorial","stack":"Error: A problem occured\n    at /home/george/blog/logging-tutorial/index.js:50:22\n    at Layer.handle [as handle_request] (/home/george/blog/logging-tutorial/node_modules/express/lib/router/layer.js:95:5)\n    at next (/home/george/blog/logging-tutorial/node_modules/express/lib/router/route.js:137:13)\n    at Route.dispatch (/home/george/blog/logging-tutorial/node_modules/express/lib/router/route.js:112:3)\n    at Layer.handle [as handle_request] (/home/george/blog/logging-tutorial/node_modules/express/lib/router/layer.js:95:5)\n    at /home/george/blog/logging-tutorial/node_modules/express/lib/router/index.js:281:22\n    at Function.process_params (/home/george/blog/logging-tutorial/node_modules/express/lib/router/index.js:335:12)\n    at next (/home/george/blog/logging-tutorial/node_modules/express/lib/router/index.js:275:10)\n    at expressInit (/home/george/blog/logging-tutorial/node_modules/express/lib/middleware/init.js:40:5)\n    at Layer.handle [as handle_request] (/home/george/blog/logging-tutorial/node_modules/express/lib/router/layer.js:95:5)"}}
{"level":"error","message":"Another problem occured","metadata":{"service":"logging-tutorial"}}
{"level":"info","message":"Example app listening at http://localhost:8090","metadata":{"service":"logging-tutorial","port":"8090"}}
{"level":"info","message":"Example app listening at http://localhost:8090","metadata":{"service":"logging-tutorial","port":"8090"}}
{"level":"info","message":"Example app listening at http://localhost:8090","metadata":{"service":"logging-tutorial","port":"8090"}}
{"level":"info","message":"Example app listening at http://localhost:8090","metadata":{"service":"logging-tutorial","port":"8090"}}
{"level":"info","message":"I am a log","metadata":{"service":"logging-tutorial","author":"George","tutorial":"Logging tutorial"}}
{"level":"info","message":"Example app listening at http://localhost:8090","metadata":{"service":"logging-tutorial","port":"8090"}}
{"level":"info","message":"Example app listening at http://localhost:8090","metadata":{"service":"logging-tutorial","port":"8090"}}
{"level":"info","message":"I am a log","metadata":{"service":"logging-tutorial","author":"dEVELOPER","tutorial":"Logging tutorial"}}
{"level":"info","message":"Example app listening at http://localhost:8090","metadata":{"service":"logging-tutorial","port":"8090"}}
{"level":"info","message":"Example app listening at http://localhost:8090","metadata":{"service":"logging-tutorial","port":"8090"}}
{"level":"error","message":"Database unreachable","metadata":{"service":"logging-tutorial","stack":"Error: Database unreachable\n    at Function.find (/home/george/blog/logging-tutorial/models/Post.js:17:19)\n    at /home/george/blog/logging-tutorial/index.js:56:12\n    at Layer.handle [as handle_request] (/home/george/blog/logging-tutorial/node_modules/express/lib/router/layer.js:95:5)\n    at next (/home/george/blog/logging-tutorial/node_modules/express/lib/router/route.js:137:13)\n    at Route.dispatch (/home/george/blog/logging-tutorial/node_modules/express/lib/router/route.js:112:3)\n    at Layer.handle [as handle_request] (/home/george/blog/logging-tutorial/node_modules/express/lib/router/layer.js:95:5)\n    at /home/george/blog/logging-tutorial/node_modules/express/lib/router/index.js:281:22\n    at Function.process_params (/home/george/blog/logging-tutorial/node_modules/express/lib/router/index.js:335:12)\n    at next (/home/george/blog/logging-tutorial/node_modules/express/lib/router/index.js:275:10)\n    at expressInit (/home/george/blog/logging-tutorial/node_modules/express/lib/middleware/init.js:40:5)"}}
{"level":"info","message":"Example app listening at http://localhost:8090","metadata":{"service":"logging-tutorial","port":"8090"}}
{"level":"error","message":"Database unreachable","metadata":{"service":"logging-tutorial","stack":"Error: Database unreachable\n    at Function.find (/home/george/blog/logging-tutorial/models/Post.js:17:19)\n    at /home/george/blog/logging-tutorial/index.js:65:8\n    at Layer.handle [as handle_request] (/home/george/blog/logging-tutorial/node_modules/express/lib/router/layer.js:95:5)\n    at next (/home/george/blog/logging-tutorial/node_modules/express/lib/router/route.js:137:13)\n    at Route.dispatch (/home/george/blog/logging-tutorial/node_modules/express/lib/router/route.js:112:3)\n    at Layer.handle [as handle_request] (/home/george/blog/logging-tutorial/node_modules/express/lib/router/layer.js:95:5)\n    at /home/george/blog/logging-tutorial/node_modules/express/lib/router/index.js:281:22\n    at Function.process_params (/home/george/blog/logging-tutorial/node_modules/express/lib/router/index.js:335:12)\n    at next (/home/george/blog/logging-tutorial/node_modules/express/lib/router/index.js:275:10)\n    at expressInit (/home/george/blog/logging-tutorial/node_modules/express/lib/middleware/init.js:40:5)"}}
{"level":"info","message":"Example app listening at http://localhost:8090","metadata":{"service":"logging-tutorial","port":"8090"}}
{"level":"info","message":"Example app listening at http://localhost:8090","metadata":{"service":"logging-tutorial","port":"8090"}}
{"level":"info","message":"Example app listening at http://localhost:8090","metadata":{"service":"logging-tutorial","port":"8090"}}
{"level":"info","message":"Example app listening at http://localhost:8090","metadata":{"service":"logging-tutorial","port":"8090"}}
{"level":"info","message":"Example app listening at http://localhost:8090","metadata":{"service":"logging-tutorial","eid":8,"metadata":{"port":"8090"}}}
{"level":"info","message":"Example app listening at http://localhost:8090","metadata":{"service":"logging-tutorial","eid":8,"metadata":{"port":"8090"}}}
{"level":"error","metadata":{"service":"logging-tutorial"}}
{"level":"error","metadata":{"service":"logging-tutorial"}}
{"level":"error","metadata":{"service":"logging-tutorial"}}
{"level":"info","message":"Example app listening at http://localhost:8090","metadata":{"service":"logging-tutorial","eid":8,"metadata":{"port":"8090"}}}
{"level":"error","metadata":{"service":"logging-tutorial"}}
{"level":"error","metadata":{"service":"logging-tutorial"}}
{"level":"error","metadata":{"service":"logging-tutorial"}}
{"level":"info","message":"Example app listening at http://localhost:8090","metadata":{"service":"logging-tutorial","eid":7,"metadata":{"port":"8090"}}}
{"level":"error","metadata":{"service":"logging-tutorial"}}
{"level":"error","metadata":{"service":"logging-tutorial"}}
{"level":"error","metadata":{"service":"logging-tutorial"}}
{"level":"info","message":"Example app listening at http://localhost:8090","metadata":{"service":"logging-tutorial","eid":7,"metadata":{"port":"8090"}}}
{"level":"error","metadata":{"service":"logging-tutorial"}}
{"level":"error","metadata":{"service":"logging-tutorial"}}
{"level":"info","message":"Example app listening at http://localhost:8090","metadata":{"service":"logging-tutorial","eid":7,"metadata":{"port":"8090"}}}
{"level":"info","message":"Example app listening at http://localhost:8090","metadata":{"service":"logging-tutorial","metadata":{"port":"8090"}}}
{"level":"error","metadata":{"service":"logging-tutorial"}}
{"level":"error","metadata":{"service":"logging-tutorial"}}
{"level":"info","message":"Example app listening at http://localhost:8090","metadata":{"service":"logging-tutorial","metadata":{"port":"8090"}}}
{"level":"info","message":"Example app listening at http://localhost:8090","metadata":{"service":"logging-tutorial","metadata":{"port":"8090"}}}
{"level":"info","message":"Example app listening at http://localhost:8090","metadata":{"service":"logging-tutorial","metadata":{"port":"8090"}}}
{"level":"error","metadata":{"service":"logging-tutorial"}}
{"level":"info","message":"Example app listening at http://localhost:8090","metadata":{"service":"logging-tutorial","metadata":{"port":"8090"}}}
{"level":"error","metadata":{"service":"logging-tutorial"}}
{"level":"info","message":"Example app listening at http://localhost:8090","metadata":{"service":"logging-tutorial","metadata":{"port":"8090"}}}
{"level":"error","metadata":{"service":"logging-tutorial"}}
{"level":"info","message":"Example app listening at http://localhost:8090","metadata":{"service":"logging-tutorial","metadata":{"port":"8090"}}}
{"level":"info","message":"A","metadata":{"service":"logging-tutorial"}}
{"level":"info","message":"Example app listening at http://localhost:8090","metadata":{"service":"logging-tutorial","metadata":{"port":"8090"}}}
{"level":"info","message":"A","metadata":{"service":"logging-tutorial"}}
{"level":"info","message":"Example app listening at http://localhost:8090","metadata":{"service":"logging-tutorial","metadata":{"port":"8090"}}}
{"level":"info","message":"Example app listening at http://localhost:8090","metadata":{"service":"logging-tutorial","metadata":{"port":"8090"}}}
{"level":"info","message":"Example app listening at http://localhost:8090","metadata":{"service":"logging-tutorial","metadata":{"port":"8090"}}}
{"level":"info","message":"Example app listening at http://localhost:8090","metadata":{"service":"logging-tutorial","metadata":{"port":"8090"}}}
{"level":"info","message":"I am the first log","metadata":{"service":"logging-tutorial","uniqueId":"e8be59d6-2d44-46e5-8665-82759beadfee"}}
{"level":"info","message":"I am the second log","metadata":{"service":"logging-tutorial","uniqueId":"e8be59d6-2d44-46e5-8665-82759beadfee"}}
{"level":"info","message":"I am the third log","metadata":{"service":"logging-tutorial","uniqueId":"e8be59d6-2d44-46e5-8665-82759beadfee"}}
{"level":"info","message":"I am the first log","metadata":{"service":"logging-tutorial","uniqueId":"227899b6-efd5-4b52-92fb-a316d72c81ab"}}
{"level":"info","message":"I am the second log","metadata":{"service":"logging-tutorial","uniqueId":"227899b6-efd5-4b52-92fb-a316d72c81ab"}}
{"level":"info","message":"I am the third log","metadata":{"service":"logging-tutorial","uniqueId":"227899b6-efd5-4b52-92fb-a316d72c81ab"}}
{"level":"info","message":"Example app listening at http://localhost:8090","metadata":{"service":"logging-tutorial","metadata":{"port":"8090"}}}
{"level":"info","message":"Lets log a password!!!","metadata":{"service":"logging-tutorial","metadata":{"name":"George","password":"supersecurepassword"}}}
{"level":"info","message":"Example app listening at http://localhost:8090","metadata":{"service":"logging-tutorial","port":"8090"}}
{"level":"info","message":"Lets log a password!!!","metadata":{"service":"logging-tutorial","name":"George","password":"supersecurepassword"}}
{"level":"info","message":"Example app listening at http://localhost:8090","metadata":{"service":"logging-tutorial","metadata":{"port":"8090"}}}
{"level":"warn","message":"You tried to log the following sensitive key: \"password\". Please check attached stack trace.","metadata":{"service":"logging-tutorial","stackTrace":"Error\n    at Logger.logTrace (/home/george/blog/logging-tutorial/libs/Logger.js:97:26)\n    at Logger.log (/home/george/blog/logging-tutorial/libs/Logger.js:86:46)\n    at Logger.info (/home/george/blog/logging-tutorial/libs/Logger.js:62:10)\n    at /home/george/blog/logging-tutorial/index.js:53:16\n    at Layer.handle [as handle_request] (/home/george/blog/logging-tutorial/node_modules/express/lib/router/layer.js:95:5)\n    at next (/home/george/blog/logging-tutorial/node_modules/express/lib/router/route.js:137:13)\n    at Route.dispatch (/home/george/blog/logging-tutorial/node_modules/express/lib/router/route.js:112:3)\n    at Layer.handle [as handle_request] (/home/george/blog/logging-tutorial/node_modules/express/lib/router/layer.js:95:5)\n    at /home/george/blog/logging-tutorial/node_modules/express/lib/router/index.js:281:22\n    at Function.process_params (/home/george/blog/logging-tutorial/node_modules/express/lib/router/index.js:335:12)"}}
{"level":"error","metadata":{"service":"logging-tutorial"}}
{"level":"info","message":"Example app listening at http://localhost:8090","metadata":{"service":"logging-tutorial","metadata":{"port":"8090"}}}
{"level":"error","metadata":{"service":"logging-tutorial"}}
{"level":"info","message":"Example app listening at http://localhost:8090","metadata":{"service":"logging-tutorial","metadata":{"port":"8090"}}}
{"level":"error","metadata":{"service":"logging-tutorial"}}
{"level":"info","message":"Example app listening at http://localhost:8090","metadata":{"service":"logging-tutorial","metadata":{"port":"8090"}}}
{"level":"error","metadata":{"service":"logging-tutorial"}}
{"level":"info","message":"Example app listening at http://localhost:8090","metadata":{"service":"logging-tutorial","metadata":{"port":"8090"}}}
{"level":"error","metadata":{"service":"logging-tutorial"}}
{"level":"info","metadata":{"service":"logging-tutorial"}}
{"level":"error","metadata":{"service":"logging-tutorial"}}
{"level":"info","metadata":{"service":"logging-tutorial"}}
{"level":"error","metadata":{"service":"logging-tutorial"}}
{"level":"info","message":"Example app listening at http://localhost:8090","metadata":{"service":"logging-tutorial","metadata":{"port":"8090"}}}
{"level":"error","message":"Database unreachable","metadata":{"service":"logging-tutorial","metadata":{"stack":"Error: Database unreachable\n    at Function.find (/home/george/blog/logging-tutorial/models/Post.js:17:19)\n    at /home/george/blog/logging-tutorial/index.js:60:12\n    at Layer.handle [as handle_request] (/home/george/blog/logging-tutorial/node_modules/express/lib/router/layer.js:95:5)\n    at next (/home/george/blog/logging-tutorial/node_modules/express/lib/router/route.js:137:13)\n    at Route.dispatch (/home/george/blog/logging-tutorial/node_modules/express/lib/router/route.js:112:3)\n    at Layer.handle [as handle_request] (/home/george/blog/logging-tutorial/node_modules/express/lib/router/layer.js:95:5)\n    at /home/george/blog/logging-tutorial/node_modules/express/lib/router/index.js:281:22\n    at Function.process_params (/home/george/blog/logging-tutorial/node_modules/express/lib/router/index.js:335:12)\n    at next (/home/george/blog/logging-tutorial/node_modules/express/lib/router/index.js:275:10)\n    at expressInit (/home/george/blog/logging-tutorial/node_modules/express/lib/middleware/init.js:40:5)"}}}
